-------------------------------------------------------------------------------
Test set: com.feedback.ecosystem.service.FeedbackServiceTest
-------------------------------------------------------------------------------
Tests run: 2, Failures: 0, Errors: 1, Skipped: 1, Time elapsed: 9.558 s <<< FAILURE! -- in com.feedback.ecosystem.service.FeedbackServiceTest
com.feedback.ecosystem.service.FeedbackServiceTest.testSaveFeedback_Critical -- Time elapsed: 0.008 s <<< ERROR!
java.lang.RuntimeException: 
java.lang.RuntimeException: io.quarkus.builder.BuildException: Build failure: Build failed due to errors
	[error]: Build step io.quarkus.amazon.common.deployment.AmazonServicesClientsProcessor#setup threw an exception: jakarta.enterprise.inject.spi.DeploymentException: Missing 'software.amazon.awssdk:url-connection-client' dependency on the classpath
	at io.quarkus.amazon.common.deployment.AmazonServicesClientsProcessor.missingDependencyException(AmazonServicesClientsProcessor.java:246)
	at io.quarkus.amazon.common.deployment.AmazonServicesClientsProcessor.setup(AmazonServicesClientsProcessor.java:173)
	at java.base/java.lang.invoke.MethodHandle.invokeWithArguments(MethodHandle.java:735)
	at io.quarkus.deployment.ExtensionLoader$3.execute(ExtensionLoader.java:856)
	at io.quarkus.builder.BuildContext.run(BuildContext.java:256)
	at org.jboss.threads.ContextHandler$1.runWith(ContextHandler.java:18)
	at org.jboss.threads.EnhancedQueueExecutor$Task.doRunWith(EnhancedQueueExecutor.java:2516)
	at org.jboss.threads.EnhancedQueueExecutor$Task.run(EnhancedQueueExecutor.java:2495)
	at org.jboss.threads.EnhancedQueueExecutor$ThreadBody.run(EnhancedQueueExecutor.java:1521)
	at java.base/java.lang.Thread.run(Thread.java:1447)
	at org.jboss.threads.JBossThread.run(JBossThread.java:483)

	[error]: Build step io.quarkus.amazon.common.deployment.DevServicesLocalStackProcessor#startLocalStackDevService threw an exception: java.lang.RuntimeException: java.lang.IllegalStateException: Previous attempts to find a Docker environment failed. Will not retry. Please see logs and check configuration
	at io.quarkus.amazon.common.deployment.DevServicesLocalStackProcessor.startLocalStack(DevServicesLocalStackProcessor.java:345)
	at io.quarkus.amazon.common.deployment.DevServicesLocalStackProcessor.lambda$startLocalStackDevService$8(DevServicesLocalStackProcessor.java:149)
	at java.base/java.util.HashMap.forEach(HashMap.java:1430)
	at io.quarkus.amazon.common.deployment.DevServicesLocalStackProcessor.startLocalStackDevService(DevServicesLocalStackProcessor.java:148)
	at java.base/java.lang.invoke.MethodHandle.invokeWithArguments(MethodHandle.java:735)
	at io.quarkus.deployment.ExtensionLoader$3.execute(ExtensionLoader.java:856)
	at io.quarkus.builder.BuildContext.run(BuildContext.java:256)
	at org.jboss.threads.ContextHandler$1.runWith(ContextHandler.java:18)
	at org.jboss.threads.EnhancedQueueExecutor$Task.doRunWith(EnhancedQueueExecutor.java:2516)
	at org.jboss.threads.EnhancedQueueExecutor$Task.run(EnhancedQueueExecutor.java:2495)
	at org.jboss.threads.EnhancedQueueExecutor$ThreadBody.run(EnhancedQueueExecutor.java:1521)
	at java.base/java.lang.Thread.run(Thread.java:1447)
	at org.jboss.threads.JBossThread.run(JBossThread.java:483)
Caused by: java.lang.IllegalStateException: Previous attempts to find a Docker environment failed. Will not retry. Please see logs and check configuration
	at org.testcontainers.dockerclient.DockerClientProviderStrategy.getFirstValidStrategy(DockerClientProviderStrategy.java:232)
	at org.testcontainers.DockerClientFactory.getOrInitializeStrategy(DockerClientFactory.java:152)
	at org.testcontainers.DockerClientFactory.getRemoteDockerUnixSocketPath(DockerClientFactory.java:163)
	at org.testcontainers.containers.localstack.LocalStackContainer.<init>(LocalStackContainer.java:124)
	at org.testcontainers.containers.localstack.LocalStackContainer.<init>(LocalStackContainer.java:106)
	at io.quarkus.amazon.common.deployment.DevServicesLocalStackProcessor.lambda$startLocalStack$28(DevServicesLocalStackProcessor.java:293)
	at java.base/java.util.Optional.orElseGet(Optional.java:364)
	at io.quarkus.amazon.common.deployment.DevServicesLocalStackProcessor.startLocalStack(DevServicesLocalStackProcessor.java:289)
	... 12 more

	at io.quarkus.test.junit.QuarkusTestExtension.throwBootFailureException(QuarkusTestExtension.java:634)
	at io.quarkus.test.junit.QuarkusTestExtension.interceptTestClassConstructor(QuarkusTestExtension.java:718)
	at java.base/java.util.Optional.orElseGet(Optional.java:364)
	at java.base/java.util.ArrayList.forEach(ArrayList.java:1604)
	at java.base/java.util.ArrayList.forEach(ArrayList.java:1604)
Caused by: java.lang.RuntimeException: io.quarkus.builder.BuildException: Build failure: Build failed due to errors
	[error]: Build step io.quarkus.amazon.common.deployment.AmazonServicesClientsProcessor#setup threw an exception: jakarta.enterprise.inject.spi.DeploymentException: Missing 'software.amazon.awssdk:url-connection-client' dependency on the classpath
	at io.quarkus.amazon.common.deployment.AmazonServicesClientsProcessor.missingDependencyException(AmazonServicesClientsProcessor.java:246)
	at io.quarkus.amazon.common.deployment.AmazonServicesClientsProcessor.setup(AmazonServicesClientsProcessor.java:173)
	at java.base/java.lang.invoke.MethodHandle.invokeWithArguments(MethodHandle.java:735)
	at io.quarkus.deployment.ExtensionLoader$3.execute(ExtensionLoader.java:856)
	at io.quarkus.builder.BuildContext.run(BuildContext.java:256)
	at org.jboss.threads.ContextHandler$1.runWith(ContextHandler.java:18)
	at org.jboss.threads.EnhancedQueueExecutor$Task.doRunWith(EnhancedQueueExecutor.java:2516)
	at org.jboss.threads.EnhancedQueueExecutor$Task.run(EnhancedQueueExecutor.java:2495)
	at org.jboss.threads.EnhancedQueueExecutor$ThreadBody.run(EnhancedQueueExecutor.java:1521)
	at java.base/java.lang.Thread.run(Thread.java:1447)
	at org.jboss.threads.JBossThread.run(JBossThread.java:483)

	[error]: Build step io.quarkus.amazon.common.deployment.DevServicesLocalStackProcessor#startLocalStackDevService threw an exception: java.lang.RuntimeException: java.lang.IllegalStateException: Previous attempts to find a Docker environment failed. Will not retry. Please see logs and check configuration
	at io.quarkus.amazon.common.deployment.DevServicesLocalStackProcessor.startLocalStack(DevServicesLocalStackProcessor.java:345)
	at io.quarkus.amazon.common.deployment.DevServicesLocalStackProcessor.lambda$startLocalStackDevService$8(DevServicesLocalStackProcessor.java:149)
	at java.base/java.util.HashMap.forEach(HashMap.java:1430)
	at io.quarkus.amazon.common.deployment.DevServicesLocalStackProcessor.startLocalStackDevService(DevServicesLocalStackProcessor.java:148)
	at java.base/java.lang.invoke.MethodHandle.invokeWithArguments(MethodHandle.java:735)
	at io.quarkus.deployment.ExtensionLoader$3.execute(ExtensionLoader.java:856)
	at io.quarkus.builder.BuildContext.run(BuildContext.java:256)
	at org.jboss.threads.ContextHandler$1.runWith(ContextHandler.java:18)
	at org.jboss.threads.EnhancedQueueExecutor$Task.doRunWith(EnhancedQueueExecutor.java:2516)
	at org.jboss.threads.EnhancedQueueExecutor$Task.run(EnhancedQueueExecutor.java:2495)
	at org.jboss.threads.EnhancedQueueExecutor$ThreadBody.run(EnhancedQueueExecutor.java:1521)
	at java.base/java.lang.Thread.run(Thread.java:1447)
	at org.jboss.threads.JBossThread.run(JBossThread.java:483)
Caused by: java.lang.IllegalStateException: Previous attempts to find a Docker environment failed. Will not retry. Please see logs and check configuration
	at org.testcontainers.dockerclient.DockerClientProviderStrategy.getFirstValidStrategy(DockerClientProviderStrategy.java:232)
	at org.testcontainers.DockerClientFactory.getOrInitializeStrategy(DockerClientFactory.java:152)
	at org.testcontainers.DockerClientFactory.getRemoteDockerUnixSocketPath(DockerClientFactory.java:163)
	at org.testcontainers.containers.localstack.LocalStackContainer.<init>(LocalStackContainer.java:124)
	at org.testcontainers.containers.localstack.LocalStackContainer.<init>(LocalStackContainer.java:106)
	at io.quarkus.amazon.common.deployment.DevServicesLocalStackProcessor.lambda$startLocalStack$28(DevServicesLocalStackProcessor.java:293)
	at java.base/java.util.Optional.orElseGet(Optional.java:364)
	at io.quarkus.amazon.common.deployment.DevServicesLocalStackProcessor.startLocalStack(DevServicesLocalStackProcessor.java:289)
	... 12 more

	at io.quarkus.runner.bootstrap.AugmentActionImpl.runAugment(AugmentActionImpl.java:354)
	at io.quarkus.runner.bootstrap.AugmentActionImpl.createInitialRuntimeApplication(AugmentActionImpl.java:272)
	at io.quarkus.runner.bootstrap.AugmentActionImpl.createInitialRuntimeApplication(AugmentActionImpl.java:62)
	at io.quarkus.test.junit.QuarkusTestExtension.doJavaStart(QuarkusTestExtension.java:219)
	at io.quarkus.test.junit.QuarkusTestExtension.ensureStarted(QuarkusTestExtension.java:601)
	at io.quarkus.test.junit.QuarkusTestExtension.beforeAll(QuarkusTestExtension.java:651)
	... 1 more
Caused by: io.quarkus.builder.BuildException: Build failure: Build failed due to errors
	[error]: Build step io.quarkus.amazon.common.deployment.AmazonServicesClientsProcessor#setup threw an exception: jakarta.enterprise.inject.spi.DeploymentException: Missing 'software.amazon.awssdk:url-connection-client' dependency on the classpath
	at io.quarkus.amazon.common.deployment.AmazonServicesClientsProcessor.missingDependencyException(AmazonServicesClientsProcessor.java:246)
	at io.quarkus.amazon.common.deployment.AmazonServicesClientsProcessor.setup(AmazonServicesClientsProcessor.java:173)
	at java.base/java.lang.invoke.MethodHandle.invokeWithArguments(MethodHandle.java:735)
	at io.quarkus.deployment.ExtensionLoader$3.execute(ExtensionLoader.java:856)
	at io.quarkus.builder.BuildContext.run(BuildContext.java:256)
	at org.jboss.threads.ContextHandler$1.runWith(ContextHandler.java:18)
	at org.jboss.threads.EnhancedQueueExecutor$Task.doRunWith(EnhancedQueueExecutor.java:2516)
	at org.jboss.threads.EnhancedQueueExecutor$Task.run(EnhancedQueueExecutor.java:2495)
	at org.jboss.threads.EnhancedQueueExecutor$ThreadBody.run(EnhancedQueueExecutor.java:1521)
	at java.base/java.lang.Thread.run(Thread.java:1447)
	at org.jboss.threads.JBossThread.run(JBossThread.java:483)

	[error]: Build step io.quarkus.amazon.common.deployment.DevServicesLocalStackProcessor#startLocalStackDevService threw an exception: java.lang.RuntimeException: java.lang.IllegalStateException: Previous attempts to find a Docker environment failed. Will not retry. Please see logs and check configuration
	at io.quarkus.amazon.common.deployment.DevServicesLocalStackProcessor.startLocalStack(DevServicesLocalStackProcessor.java:345)
	at io.quarkus.amazon.common.deployment.DevServicesLocalStackProcessor.lambda$startLocalStackDevService$8(DevServicesLocalStackProcessor.java:149)
	at java.base/java.util.HashMap.forEach(HashMap.java:1430)
	at io.quarkus.amazon.common.deployment.DevServicesLocalStackProcessor.startLocalStackDevService(DevServicesLocalStackProcessor.java:148)
	at java.base/java.lang.invoke.MethodHandle.invokeWithArguments(MethodHandle.java:735)
	at io.quarkus.deployment.ExtensionLoader$3.execute(ExtensionLoader.java:856)
	at io.quarkus.builder.BuildContext.run(BuildContext.java:256)
	at org.jboss.threads.ContextHandler$1.runWith(ContextHandler.java:18)
	at org.jboss.threads.EnhancedQueueExecutor$Task.doRunWith(EnhancedQueueExecutor.java:2516)
	at org.jboss.threads.EnhancedQueueExecutor$Task.run(EnhancedQueueExecutor.java:2495)
	at org.jboss.threads.EnhancedQueueExecutor$ThreadBody.run(EnhancedQueueExecutor.java:1521)
	at java.base/java.lang.Thread.run(Thread.java:1447)
	at org.jboss.threads.JBossThread.run(JBossThread.java:483)
Caused by: java.lang.IllegalStateException: Previous attempts to find a Docker environment failed. Will not retry. Please see logs and check configuration
	at org.testcontainers.dockerclient.DockerClientProviderStrategy.getFirstValidStrategy(DockerClientProviderStrategy.java:232)
	at org.testcontainers.DockerClientFactory.getOrInitializeStrategy(DockerClientFactory.java:152)
	at org.testcontainers.DockerClientFactory.getRemoteDockerUnixSocketPath(DockerClientFactory.java:163)
	at org.testcontainers.containers.localstack.LocalStackContainer.<init>(LocalStackContainer.java:124)
	at org.testcontainers.containers.localstack.LocalStackContainer.<init>(LocalStackContainer.java:106)
	at io.quarkus.amazon.common.deployment.DevServicesLocalStackProcessor.lambda$startLocalStack$28(DevServicesLocalStackProcessor.java:293)
	at java.base/java.util.Optional.orElseGet(Optional.java:364)
	at io.quarkus.amazon.common.deployment.DevServicesLocalStackProcessor.startLocalStack(DevServicesLocalStackProcessor.java:289)
	... 12 more

	at io.quarkus.builder.Execution.run(Execution.java:123)
	at io.quarkus.builder.BuildExecutionBuilder.execute(BuildExecutionBuilder.java:79)
	at io.quarkus.deployment.QuarkusAugmentor.run(QuarkusAugmentor.java:161)
	at io.quarkus.runner.bootstrap.AugmentActionImpl.runAugment(AugmentActionImpl.java:350)
	... 6 more
	Suppressed: java.lang.RuntimeException: java.lang.IllegalStateException: Previous attempts to find a Docker environment failed. Will not retry. Please see logs and check configuration
		at io.quarkus.amazon.common.deployment.DevServicesLocalStackProcessor.startLocalStack(DevServicesLocalStackProcessor.java:345)
		at io.quarkus.amazon.common.deployment.DevServicesLocalStackProcessor.lambda$startLocalStackDevService$8(DevServicesLocalStackProcessor.java:149)
		at java.base/java.util.HashMap.forEach(HashMap.java:1430)
		at io.quarkus.amazon.common.deployment.DevServicesLocalStackProcessor.startLocalStackDevService(DevServicesLocalStackProcessor.java:148)
		at java.base/java.lang.invoke.MethodHandle.invokeWithArguments(MethodHandle.java:735)
		at io.quarkus.deployment.ExtensionLoader$3.execute(ExtensionLoader.java:856)
		at io.quarkus.builder.BuildContext.run(BuildContext.java:256)
		at org.jboss.threads.ContextHandler$1.runWith(ContextHandler.java:18)
		at org.jboss.threads.EnhancedQueueExecutor$Task.doRunWith(EnhancedQueueExecutor.java:2516)
		at org.jboss.threads.EnhancedQueueExecutor$Task.run(EnhancedQueueExecutor.java:2495)
		at org.jboss.threads.EnhancedQueueExecutor$ThreadBody.run(EnhancedQueueExecutor.java:1521)
		at java.base/java.lang.Thread.run(Thread.java:1447)
		at org.jboss.threads.JBossThread.run(JBossThread.java:483)
	Caused by: java.lang.IllegalStateException: Previous attempts to find a Docker environment failed. Will not retry. Please see logs and check configuration
		at org.testcontainers.dockerclient.DockerClientProviderStrategy.getFirstValidStrategy(DockerClientProviderStrategy.java:232)
		at org.testcontainers.DockerClientFactory.getOrInitializeStrategy(DockerClientFactory.java:152)
		at org.testcontainers.DockerClientFactory.getRemoteDockerUnixSocketPath(DockerClientFactory.java:163)
		at org.testcontainers.containers.localstack.LocalStackContainer.<init>(LocalStackContainer.java:124)
		at org.testcontainers.containers.localstack.LocalStackContainer.<init>(LocalStackContainer.java:106)
		at io.quarkus.amazon.common.deployment.DevServicesLocalStackProcessor.lambda$startLocalStack$28(DevServicesLocalStackProcessor.java:293)
		at java.base/java.util.Optional.orElseGet(Optional.java:364)
		at io.quarkus.amazon.common.deployment.DevServicesLocalStackProcessor.startLocalStack(DevServicesLocalStackProcessor.java:289)
		... 12 more
Caused by: jakarta.enterprise.inject.spi.DeploymentException: Missing 'software.amazon.awssdk:url-connection-client' dependency on the classpath
	at io.quarkus.amazon.common.deployment.AmazonServicesClientsProcessor.missingDependencyException(AmazonServicesClientsProcessor.java:246)
	at io.quarkus.amazon.common.deployment.AmazonServicesClientsProcessor.setup(AmazonServicesClientsProcessor.java:173)
	at java.base/java.lang.invoke.MethodHandle.invokeWithArguments(MethodHandle.java:735)
	at io.quarkus.deployment.ExtensionLoader$3.execute(ExtensionLoader.java:856)
	at io.quarkus.builder.BuildContext.run(BuildContext.java:256)
	at org.jboss.threads.ContextHandler$1.runWith(ContextHandler.java:18)
	at org.jboss.threads.EnhancedQueueExecutor$Task.doRunWith(EnhancedQueueExecutor.java:2516)
	at org.jboss.threads.EnhancedQueueExecutor$Task.run(EnhancedQueueExecutor.java:2495)
	at org.jboss.threads.EnhancedQueueExecutor$ThreadBody.run(EnhancedQueueExecutor.java:1521)
	at java.base/java.lang.Thread.run(Thread.java:1447)
	at org.jboss.threads.JBossThread.run(JBossThread.java:483)

