<?xml version="1.0" encoding="UTF-8"?>
<testsuite xmlns:xsi="http://www.w3.org/2001/XMLSchema-instance" xsi:noNamespaceSchemaLocation="https://maven.apache.org/surefire/maven-surefire-plugin/xsd/surefire-test-report.xsd" version="3.0.2" name="com.feedback.ecosystem.service.FeedbackServiceTest" time="9.558" tests="2" errors="1" skipped="1" failures="0">
  <properties>
[...]
</properties>
  <testcase name="testSaveFeedback_Critical" classname="com.feedback.ecosystem.service.FeedbackServiceTest" time="0.008">
    <error message="java.lang.RuntimeException: io.quarkus.builder.BuildException: Build failure: Build failed due to errors&#10;	[error]: Build step io.quarkus.amazon.common.deployment.AmazonServicesClientsProcessor#setup threw an exception: jakarta.enterprise.inject.spi.DeploymentException: Missing &apos;software.amazon.awssdk:url-connection-client&apos; dependency on the classpath&#10;	at io.quarkus.amazon.common.deployment.AmazonServicesClientsProcessor.missingDependencyException(AmazonServicesClientsProcessor.java:246)&#10;	at io.quarkus.amazon.common.deployment.AmazonServicesClientsProcessor.setup(AmazonServicesClientsProcessor.java:173)&#10;	at java.base/java.lang.invoke.MethodHandle.invokeWithArguments(MethodHandle.java:735)&#10;	at io.quarkus.deployment.ExtensionLoader$3.execute(ExtensionLoader.java:856)&#10;	at io.quarkus.builder.BuildContext.run(BuildContext.java:256)&#10;	at org.jboss.threads.ContextHandler$1.runWith(ContextHandler.java:18)&#10;	at org.jboss.threads.EnhancedQueueExecutor$Task.doRunWith(EnhancedQueueExecutor.java:2516)&#10;	at org.jboss.threads.EnhancedQueueExecutor$Task.run(EnhancedQueueExecutor.java:2495)&#10;	at org.jboss.threads.EnhancedQueueExecutor$ThreadBody.run(EnhancedQueueExecutor.java:1521)&#10;	at java.base/java.lang.Thread.run(Thread.java:1447)&#10;	at org.jboss.threads.JBossThread.run(JBossThread.java:483)&#10;&#10;	[error]: Build step io.quarkus.amazon.common.deployment.DevServicesLocalStackProcessor#startLocalStackDevService threw an exception: java.lang.RuntimeException: java.lang.IllegalStateException: Previous attempts to find a Docker environment failed. Will not retry. Please see logs and check configuration&#10;	at io.quarkus.amazon.common.deployment.DevServicesLocalStackProcessor.startLocalStack(DevServicesLocalStackProcessor.java:345)&#10;	at io.quarkus.amazon.common.deployment.DevServicesLocalStackProcessor.lambda$startLocalStackDevService$8(DevServicesLocalStackProcessor.java:149)&#10;	at java.base/java.util.HashMap.forEach(HashMap.java:1430)&#10;	at io.quarkus.amazon.common.deployment.DevServicesLocalStackProcessor.startLocalStackDevService(DevServicesLocalStackProcessor.java:148)&#10;	at java.base/java.lang.invoke.MethodHandle.invokeWithArguments(MethodHandle.java:735)&#10;	at io.quarkus.deployment.ExtensionLoader$3.execute(ExtensionLoader.java:856)&#10;	at io.quarkus.builder.BuildContext.run(BuildContext.java:256)&#10;	at org.jboss.threads.ContextHandler$1.runWith(ContextHandler.java:18)&#10;	at org.jboss.threads.EnhancedQueueExecutor$Task.doRunWith(EnhancedQueueExecutor.java:2516)&#10;	at org.jboss.threads.EnhancedQueueExecutor$Task.run(EnhancedQueueExecutor.java:2495)&#10;	at org.jboss.threads.EnhancedQueueExecutor$ThreadBody.run(EnhancedQueueExecutor.java:1521)&#10;	at java.base/java.lang.Thread.run(Thread.java:1447)&#10;	at org.jboss.threads.JBossThread.run(JBossThread.java:483)&#10;Caused by: java.lang.IllegalStateException: Previous attempts to find a Docker environment failed. Will not retry. Please see logs and check configuration&#10;	at org.testcontainers.dockerclient.DockerClientProviderStrategy.getFirstValidStrategy(DockerClientProviderStrategy.java:232)&#10;	at org.testcontainers.DockerClientFactory.getOrInitializeStrategy(DockerClientFactory.java:152)&#10;	at org.testcontainers.DockerClientFactory.getRemoteDockerUnixSocketPath(DockerClientFactory.java:163)&#10;	at org.testcontainers.containers.localstack.LocalStackContainer.&lt;init&gt;(LocalStackContainer.java:124)&#10;	at org.testcontainers.containers.localstack.LocalStackContainer.&lt;init&gt;(LocalStackContainer.java:106)&#10;	at io.quarkus.amazon.common.deployment.DevServicesLocalStackProcessor.lambda$startLocalStack$28(DevServicesLocalStackProcessor.java:293)&#10;	at java.base/java.util.Optional.orElseGet(Optional.java:364)&#10;	at io.quarkus.amazon.common.deployment.DevServicesLocalStackProcessor.startLocalStack(DevServicesLocalStackProcessor.java:289)&#10;	... 12 more&#10;" type="java.lang.RuntimeException"><![CDATA[java.lang.RuntimeException: 
java.lang.RuntimeException: io.quarkus.builder.BuildException: Build failure: Build failed due to errors
	[error]: Build step io.quarkus.amazon.common.deployment.AmazonServicesClientsProcessor#setup threw an exception: jakarta.enterprise.inject.spi.DeploymentException: Missing 'software.amazon.awssdk:url-connection-client' dependency on the classpath
	at io.quarkus.amazon.common.deployment.AmazonServicesClientsProcessor.missingDependencyException(AmazonServicesClientsProcessor.java:246)
	at io.quarkus.amazon.common.deployment.AmazonServicesClientsProcessor.setup(AmazonServicesClientsProcessor.java:173)
	at java.base/java.lang.invoke.MethodHandle.invokeWithArguments(MethodHandle.java:735)
	at io.quarkus.deployment.ExtensionLoader$3.execute(ExtensionLoader.java:856)
	at io.quarkus.builder.BuildContext.run(BuildContext.java:256)
	at org.jboss.threads.ContextHandler$1.runWith(ContextHandler.java:18)
	at org.jboss.threads.EnhancedQueueExecutor$Task.doRunWith(EnhancedQueueExecutor.java:2516)
	at org.jboss.threads.EnhancedQueueExecutor$Task.run(EnhancedQueueExecutor.java:2495)
	at org.jboss.threads.EnhancedQueueExecutor$ThreadBody.run(EnhancedQueueExecutor.java:1521)
	at java.base/java.lang.Thread.run(Thread.java:1447)
	at org.jboss.threads.JBossThread.run(JBossThread.java:483)

	[error]: Build step io.quarkus.amazon.common.deployment.DevServicesLocalStackProcessor#startLocalStackDevService threw an exception: java.lang.RuntimeException: java.lang.IllegalStateException: Previous attempts to find a Docker environment failed. Will not retry. Please see logs and check configuration
	at io.quarkus.amazon.common.deployment.DevServicesLocalStackProcessor.startLocalStack(DevServicesLocalStackProcessor.java:345)
	at io.quarkus.amazon.common.deployment.DevServicesLocalStackProcessor.lambda$startLocalStackDevService$8(DevServicesLocalStackProcessor.java:149)
	at java.base/java.util.HashMap.forEach(HashMap.java:1430)
	at io.quarkus.amazon.common.deployment.DevServicesLocalStackProcessor.startLocalStackDevService(DevServicesLocalStackProcessor.java:148)
	at java.base/java.lang.invoke.MethodHandle.invokeWithArguments(MethodHandle.java:735)
	at io.quarkus.deployment.ExtensionLoader$3.execute(ExtensionLoader.java:856)
	at io.quarkus.builder.BuildContext.run(BuildContext.java:256)
	at org.jboss.threads.ContextHandler$1.runWith(ContextHandler.java:18)
	at org.jboss.threads.EnhancedQueueExecutor$Task.doRunWith(EnhancedQueueExecutor.java:2516)
	at org.jboss.threads.EnhancedQueueExecutor$Task.run(EnhancedQueueExecutor.java:2495)
	at org.jboss.threads.EnhancedQueueExecutor$ThreadBody.run(EnhancedQueueExecutor.java:1521)
	at java.base/java.lang.Thread.run(Thread.java:1447)
	at org.jboss.threads.JBossThread.run(JBossThread.java:483)
Caused by: java.lang.IllegalStateException: Previous attempts to find a Docker environment failed. Will not retry. Please see logs and check configuration
	at org.testcontainers.dockerclient.DockerClientProviderStrategy.getFirstValidStrategy(DockerClientProviderStrategy.java:232)
	at org.testcontainers.DockerClientFactory.getOrInitializeStrategy(DockerClientFactory.java:152)
	at org.testcontainers.DockerClientFactory.getRemoteDockerUnixSocketPath(DockerClientFactory.java:163)
	at org.testcontainers.containers.localstack.LocalStackContainer.<init>(LocalStackContainer.java:124)
	at org.testcontainers.containers.localstack.LocalStackContainer.<init>(LocalStackContainer.java:106)
	at io.quarkus.amazon.common.deployment.DevServicesLocalStackProcessor.lambda$startLocalStack$28(DevServicesLocalStackProcessor.java:293)
	at java.base/java.util.Optional.orElseGet(Optional.java:364)
	at io.quarkus.amazon.common.deployment.DevServicesLocalStackProcessor.startLocalStack(DevServicesLocalStackProcessor.java:289)
	... 12 more

	at io.quarkus.test.junit.QuarkusTestExtension.throwBootFailureException(QuarkusTestExtension.java:634)
	at io.quarkus.test.junit.QuarkusTestExtension.interceptTestClassConstructor(QuarkusTestExtension.java:718)
	at java.base/java.util.Optional.orElseGet(Optional.java:364)
	at java.base/java.util.ArrayList.forEach(ArrayList.java:1604)
	at java.base/java.util.ArrayList.forEach(ArrayList.java:1604)
Caused by: java.lang.RuntimeException: io.quarkus.builder.BuildException: Build failure: Build failed due to errors
	[error]: Build step io.quarkus.amazon.common.deployment.AmazonServicesClientsProcessor#setup threw an exception: jakarta.enterprise.inject.spi.DeploymentException: Missing 'software.amazon.awssdk:url-connection-client' dependency on the classpath
	at io.quarkus.amazon.common.deployment.AmazonServicesClientsProcessor.missingDependencyException(AmazonServicesClientsProcessor.java:246)
	at io.quarkus.amazon.common.deployment.AmazonServicesClientsProcessor.setup(AmazonServicesClientsProcessor.java:173)
	at java.base/java.lang.invoke.MethodHandle.invokeWithArguments(MethodHandle.java:735)
	at io.quarkus.deployment.ExtensionLoader$3.execute(ExtensionLoader.java:856)
	at io.quarkus.builder.BuildContext.run(BuildContext.java:256)
	at org.jboss.threads.ContextHandler$1.runWith(ContextHandler.java:18)
	at org.jboss.threads.EnhancedQueueExecutor$Task.doRunWith(EnhancedQueueExecutor.java:2516)
	at org.jboss.threads.EnhancedQueueExecutor$Task.run(EnhancedQueueExecutor.java:2495)
	at org.jboss.threads.EnhancedQueueExecutor$ThreadBody.run(EnhancedQueueExecutor.java:1521)
	at java.base/java.lang.Thread.run(Thread.java:1447)
	at org.jboss.threads.JBossThread.run(JBossThread.java:483)

	[error]: Build step io.quarkus.amazon.common.deployment.DevServicesLocalStackProcessor#startLocalStackDevService threw an exception: java.lang.RuntimeException: java.lang.IllegalStateException: Previous attempts to find a Docker environment failed. Will not retry. Please see logs and check configuration
	at io.quarkus.amazon.common.deployment.DevServicesLocalStackProcessor.startLocalStack(DevServicesLocalStackProcessor.java:345)
	at io.quarkus.amazon.common.deployment.DevServicesLocalStackProcessor.lambda$startLocalStackDevService$8(DevServicesLocalStackProcessor.java:149)
	at java.base/java.util.HashMap.forEach(HashMap.java:1430)
	at io.quarkus.amazon.common.deployment.DevServicesLocalStackProcessor.startLocalStackDevService(DevServicesLocalStackProcessor.java:148)
	at java.base/java.lang.invoke.MethodHandle.invokeWithArguments(MethodHandle.java:735)
	at io.quarkus.deployment.ExtensionLoader$3.execute(ExtensionLoader.java:856)
	at io.quarkus.builder.BuildContext.run(BuildContext.java:256)
	at org.jboss.threads.ContextHandler$1.runWith(ContextHandler.java:18)
	at org.jboss.threads.EnhancedQueueExecutor$Task.doRunWith(EnhancedQueueExecutor.java:2516)
	at org.jboss.threads.EnhancedQueueExecutor$Task.run(EnhancedQueueExecutor.java:2495)
	at org.jboss.threads.EnhancedQueueExecutor$ThreadBody.run(EnhancedQueueExecutor.java:1521)
	at java.base/java.lang.Thread.run(Thread.java:1447)
	at org.jboss.threads.JBossThread.run(JBossThread.java:483)
Caused by: java.lang.IllegalStateException: Previous attempts to find a Docker environment failed. Will not retry. Please see logs and check configuration
	at org.testcontainers.dockerclient.DockerClientProviderStrategy.getFirstValidStrategy(DockerClientProviderStrategy.java:232)
	at org.testcontainers.DockerClientFactory.getOrInitializeStrategy(DockerClientFactory.java:152)
	at org.testcontainers.DockerClientFactory.getRemoteDockerUnixSocketPath(DockerClientFactory.java:163)
	at org.testcontainers.containers.localstack.LocalStackContainer.<init>(LocalStackContainer.java:124)
	at org.testcontainers.containers.localstack.LocalStackContainer.<init>(LocalStackContainer.java:106)
	at io.quarkus.amazon.common.deployment.DevServicesLocalStackProcessor.lambda$startLocalStack$28(DevServicesLocalStackProcessor.java:293)
	at java.base/java.util.Optional.orElseGet(Optional.java:364)
	at io.quarkus.amazon.common.deployment.DevServicesLocalStackProcessor.startLocalStack(DevServicesLocalStackProcessor.java:289)
	... 12 more

	at io.quarkus.runner.bootstrap.AugmentActionImpl.runAugment(AugmentActionImpl.java:354)
	at io.quarkus.runner.bootstrap.AugmentActionImpl.createInitialRuntimeApplication(AugmentActionImpl.java:272)
	at io.quarkus.runner.bootstrap.AugmentActionImpl.createInitialRuntimeApplication(AugmentActionImpl.java:62)
	at io.quarkus.test.junit.QuarkusTestExtension.doJavaStart(QuarkusTestExtension.java:219)
	at io.quarkus.test.junit.QuarkusTestExtension.ensureStarted(QuarkusTestExtension.java:601)
	at io.quarkus.test.junit.QuarkusTestExtension.beforeAll(QuarkusTestExtension.java:651)
	... 1 more
Caused by: io.quarkus.builder.BuildException: Build failure: Build failed due to errors
	[error]: Build step io.quarkus.amazon.common.deployment.AmazonServicesClientsProcessor#setup threw an exception: jakarta.enterprise.inject.spi.DeploymentException: Missing 'software.amazon.awssdk:url-connection-client' dependency on the classpath
	at io.quarkus.amazon.common.deployment.AmazonServicesClientsProcessor.missingDependencyException(AmazonServicesClientsProcessor.java:246)
	at io.quarkus.amazon.common.deployment.AmazonServicesClientsProcessor.setup(AmazonServicesClientsProcessor.java:173)
	at java.base/java.lang.invoke.MethodHandle.invokeWithArguments(MethodHandle.java:735)
	at io.quarkus.deployment.ExtensionLoader$3.execute(ExtensionLoader.java:856)
	at io.quarkus.builder.BuildContext.run(BuildContext.java:256)
	at org.jboss.threads.ContextHandler$1.runWith(ContextHandler.java:18)
	at org.jboss.threads.EnhancedQueueExecutor$Task.doRunWith(EnhancedQueueExecutor.java:2516)
	at org.jboss.threads.EnhancedQueueExecutor$Task.run(EnhancedQueueExecutor.java:2495)
	at org.jboss.threads.EnhancedQueueExecutor$ThreadBody.run(EnhancedQueueExecutor.java:1521)
	at java.base/java.lang.Thread.run(Thread.java:1447)
	at org.jboss.threads.JBossThread.run(JBossThread.java:483)

	[error]: Build step io.quarkus.amazon.common.deployment.DevServicesLocalStackProcessor#startLocalStackDevService threw an exception: java.lang.RuntimeException: java.lang.IllegalStateException: Previous attempts to find a Docker environment failed. Will not retry. Please see logs and check configuration
	at io.quarkus.amazon.common.deployment.DevServicesLocalStackProcessor.startLocalStack(DevServicesLocalStackProcessor.java:345)
	at io.quarkus.amazon.common.deployment.DevServicesLocalStackProcessor.lambda$startLocalStackDevService$8(DevServicesLocalStackProcessor.java:149)
	at java.base/java.util.HashMap.forEach(HashMap.java:1430)
	at io.quarkus.amazon.common.deployment.DevServicesLocalStackProcessor.startLocalStackDevService(DevServicesLocalStackProcessor.java:148)
	at java.base/java.lang.invoke.MethodHandle.invokeWithArguments(MethodHandle.java:735)
	at io.quarkus.deployment.ExtensionLoader$3.execute(ExtensionLoader.java:856)
	at io.quarkus.builder.BuildContext.run(BuildContext.java:256)
	at org.jboss.threads.ContextHandler$1.runWith(ContextHandler.java:18)
	at org.jboss.threads.EnhancedQueueExecutor$Task.doRunWith(EnhancedQueueExecutor.java:2516)
	at org.jboss.threads.EnhancedQueueExecutor$Task.run(EnhancedQueueExecutor.java:2495)
	at org.jboss.threads.EnhancedQueueExecutor$ThreadBody.run(EnhancedQueueExecutor.java:1521)
	at java.base/java.lang.Thread.run(Thread.java:1447)
	at org.jboss.threads.JBossThread.run(JBossThread.java:483)
Caused by: java.lang.IllegalStateException: Previous attempts to find a Docker environment failed. Will not retry. Please see logs and check configuration
	at org.testcontainers.dockerclient.DockerClientProviderStrategy.getFirstValidStrategy(DockerClientProviderStrategy.java:232)
	at org.testcontainers.DockerClientFactory.getOrInitializeStrategy(DockerClientFactory.java:152)
	at org.testcontainers.DockerClientFactory.getRemoteDockerUnixSocketPath(DockerClientFactory.java:163)
	at org.testcontainers.containers.localstack.LocalStackContainer.<init>(LocalStackContainer.java:124)
	at org.testcontainers.containers.localstack.LocalStackContainer.<init>(LocalStackContainer.java:106)
	at io.quarkus.amazon.common.deployment.DevServicesLocalStackProcessor.lambda$startLocalStack$28(DevServicesLocalStackProcessor.java:293)
	at java.base/java.util.Optional.orElseGet(Optional.java:364)
	at io.quarkus.amazon.common.deployment.DevServicesLocalStackProcessor.startLocalStack(DevServicesLocalStackProcessor.java:289)
	... 12 more

	at io.quarkus.builder.Execution.run(Execution.java:123)
	at io.quarkus.builder.BuildExecutionBuilder.execute(BuildExecutionBuilder.java:79)
	at io.quarkus.deployment.QuarkusAugmentor.run(QuarkusAugmentor.java:161)
	at io.quarkus.runner.bootstrap.AugmentActionImpl.runAugment(AugmentActionImpl.java:350)
	... 6 more
	Suppressed: java.lang.RuntimeException: java.lang.IllegalStateException: Previous attempts to find a Docker environment failed. Will not retry. Please see logs and check configuration
		at io.quarkus.amazon.common.deployment.DevServicesLocalStackProcessor.startLocalStack(DevServicesLocalStackProcessor.java:345)
		at io.quarkus.amazon.common.deployment.DevServicesLocalStackProcessor.lambda$startLocalStackDevService$8(DevServicesLocalStackProcessor.java:149)
		at java.base/java.util.HashMap.forEach(HashMap.java:1430)
		at io.quarkus.amazon.common.deployment.DevServicesLocalStackProcessor.startLocalStackDevService(DevServicesLocalStackProcessor.java:148)
		at java.base/java.lang.invoke.MethodHandle.invokeWithArguments(MethodHandle.java:735)
		at io.quarkus.deployment.ExtensionLoader$3.execute(ExtensionLoader.java:856)
		at io.quarkus.builder.BuildContext.run(BuildContext.java:256)
		at org.jboss.threads.ContextHandler$1.runWith(ContextHandler.java:18)
		at org.jboss.threads.EnhancedQueueExecutor$Task.doRunWith(EnhancedQueueExecutor.java:2516)
		at org.jboss.threads.EnhancedQueueExecutor$Task.run(EnhancedQueueExecutor.java:2495)
		at org.jboss.threads.EnhancedQueueExecutor$ThreadBody.run(EnhancedQueueExecutor.java:1521)
		at java.base/java.lang.Thread.run(Thread.java:1447)
		at org.jboss.threads.JBossThread.run(JBossThread.java:483)
	Caused by: java.lang.IllegalStateException: Previous attempts to find a Docker environment failed. Will not retry. Please see logs and check configuration
		at org.testcontainers.dockerclient.DockerClientProviderStrategy.getFirstValidStrategy(DockerClientProviderStrategy.java:232)
		at org.testcontainers.DockerClientFactory.getOrInitializeStrategy(DockerClientFactory.java:152)
		at org.testcontainers.DockerClientFactory.getRemoteDockerUnixSocketPath(DockerClientFactory.java:163)
		at org.testcontainers.containers.localstack.LocalStackContainer.<init>(LocalStackContainer.java:124)
		at org.testcontainers.containers.localstack.LocalStackContainer.<init>(LocalStackContainer.java:106)
		at io.quarkus.amazon.common.deployment.DevServicesLocalStackProcessor.lambda$startLocalStack$28(DevServicesLocalStackProcessor.java:293)
		at java.base/java.util.Optional.orElseGet(Optional.java:364)
		at io.quarkus.amazon.common.deployment.DevServicesLocalStackProcessor.startLocalStack(DevServicesLocalStackProcessor.java:289)
		... 12 more
Caused by: jakarta.enterprise.inject.spi.DeploymentException: Missing 'software.amazon.awssdk:url-connection-client' dependency on the classpath
	at io.quarkus.amazon.common.deployment.AmazonServicesClientsProcessor.missingDependencyException(AmazonServicesClientsProcessor.java:246)
	at io.quarkus.amazon.common.deployment.AmazonServicesClientsProcessor.setup(AmazonServicesClientsProcessor.java:173)
	at java.base/java.lang.invoke.MethodHandle.invokeWithArguments(MethodHandle.java:735)
	at io.quarkus.deployment.ExtensionLoader$3.execute(ExtensionLoader.java:856)
	at io.quarkus.builder.BuildContext.run(BuildContext.java:256)
	at org.jboss.threads.ContextHandler$1.runWith(ContextHandler.java:18)
	at org.jboss.threads.EnhancedQueueExecutor$Task.doRunWith(EnhancedQueueExecutor.java:2516)
	at org.jboss.threads.EnhancedQueueExecutor$Task.run(EnhancedQueueExecutor.java:2495)
	at org.jboss.threads.EnhancedQueueExecutor$ThreadBody.run(EnhancedQueueExecutor.java:1521)
	at java.base/java.lang.Thread.run(Thread.java:1447)
	at org.jboss.threads.JBossThread.run(JBossThread.java:483)
]]></error>
    <system-out><![CDATA[2026-04-27 21:29:07,792 INFO  [io.qua.ama.lam.run.MockEventServer] (build-46) Mock Lambda Event Server Started
2026-04-27 21:29:08,792 INFO  [org.tes.DockerClientFactory] (build-55) Testcontainers version: 1.20.1
2026-04-27 21:29:09,045 INFO  [org.tes.doc.DockerMachineClientProviderStrategy] (build-55) docker-machine executable was not found on PATH ([C:\Program Files\Common Files\Oracle\Java\javapath, C:\WINDOWS\system32, C:\WINDOWS, C:\WINDOWS\System32\Wbem, C:\WINDOWS\System32\WindowsPowerShell\v1.0\, C:\WINDOWS\System32\OpenSSH\, C:\Program Files (x86)\NVIDIA Corporation\PhysX\Common, C:\Program Files\dotnet\, C:\Program Files\NVIDIA Corporation\NVIDIA app\NvDLISR, C:\Program Files\Git\cmd, C:\Program Files\Docker\Docker\resources\bin, C:\Users\lucas\AppData\Local\Microsoft\WindowsApps, C:\Users\lucas\AppData\Local\Programs\Microsoft VS Code\bin, C:\Users\lucas\AppData\Roaming\JetBrains\IdeaIC2025.2\plugins\maven\lib\maven3\bin])
2026-04-27 21:29:09,046 ERROR [org.tes.doc.DockerClientProviderStrategy] (build-55) Could not find a valid Docker environment. Please check configuration. Attempted configurations were:
As no valid configuration was found, execution cannot continue.
See https://java.testcontainers.org/on_failure.html for more details.
2026-04-27 21:29:11,077 WARN  [io.qua.dep.uti.ContainerRuntimeUtil] (build-55) Command "docker info" exited with error code 1. Rootless container runtime detection might not be reliable or the container service is not running at all.
2026-04-27 21:29:11,085 INFO  [org.tes.ima.PullPolicy] (build-55) Image pull policy will be performed by: DefaultPullPolicy()
2026-04-27 21:29:11,087 INFO  [org.tes.uti.ImageNameSubstitutor] (build-55) Image name substitution will be performed by: DefaultImageNameSubstitutor (composite of 'ConfigurationFileImageNameSubstitutor' and 'PrefixingImageNameSubstitutor')
2026-04-27 21:29:11,090 INFO  [org.tes.DockerClientFactory] (build-55) Testcontainers version: 1.20.1
]]></system-out>
  </testcase>
  <testcase name="testSaveFeedback_NotCritical" classname="com.feedback.ecosystem.service.FeedbackServiceTest" time="0.0">
    <skipped type="org.opentest4j.TestAbortedException"><![CDATA[org.opentest4j.TestAbortedException: Boot failed
	at io.quarkus.test.junit.QuarkusTestExtension.throwBootFailureException(QuarkusTestExtension.java:636)
	at io.quarkus.test.junit.QuarkusTestExtension.interceptTestClassConstructor(QuarkusTestExtension.java:718)
	at java.base/java.util.Optional.orElseGet(Optional.java:364)
	at java.base/java.util.ArrayList.forEach(ArrayList.java:1604)
	at java.base/java.util.ArrayList.forEach(ArrayList.java:1604)
]]></skipped>
  </testcase>
</testsuite>